mode: atomic
github.com/teknologi-umum/roselite/cmd/action_agent.go:11.61,14.16 3 0
github.com/teknologi-umum/roselite/cmd/action_agent.go:14.16,16.3 1 0
github.com/teknologi-umum/roselite/cmd/action_agent.go:18.2,18.12 1 0
github.com/teknologi-umum/roselite/cmd/main.go:28.13,41.61 1 0
github.com/teknologi-umum/roselite/cmd/main.go:41.61,43.6 1 0
github.com/teknologi-umum/roselite/cmd/main.go:49.61,51.6 1 0
github.com/teknologi-umum/roselite/cmd/main.go:70.2,73.46 3 0
github.com/teknologi-umum/roselite/cmd/main.go:73.46,76.3 2 0
github.com/teknologi-umum/roselite/internal/sentryhttpclient/sentryhttpclient.go:27.80,28.37 1 0
github.com/teknologi-umum/roselite/internal/sentryhttpclient/sentryhttpclient.go:28.37,29.39 1 0
github.com/teknologi-umum/roselite/internal/sentryhttpclient/sentryhttpclient.go:29.39,31.4 1 0
github.com/teknologi-umum/roselite/internal/sentryhttpclient/sentryhttpclient.go:31.9,33.4 1 0
github.com/teknologi-umum/roselite/internal/sentryhttpclient/sentryhttpclient.go:40.123,41.33 1 0
github.com/teknologi-umum/roselite/internal/sentryhttpclient/sentryhttpclient.go:41.33,43.3 1 0
github.com/teknologi-umum/roselite/internal/sentryhttpclient/sentryhttpclient.go:45.2,50.27 2 0
github.com/teknologi-umum/roselite/internal/sentryhttpclient/sentryhttpclient.go:50.27,51.17 1 0
github.com/teknologi-umum/roselite/internal/sentryhttpclient/sentryhttpclient.go:51.17,53.4 1 0
github.com/teknologi-umum/roselite/internal/sentryhttpclient/sentryhttpclient.go:56.2,56.10 1 0
github.com/teknologi-umum/roselite/internal/sentryhttpclient/sentryhttpclient.go:66.87,68.40 1 0
github.com/teknologi-umum/roselite/internal/sentryhttpclient/sentryhttpclient.go:68.40,71.52 3 0
github.com/teknologi-umum/roselite/internal/sentryhttpclient/sentryhttpclient.go:71.52,72.44 1 0
github.com/teknologi-umum/roselite/internal/sentryhttpclient/sentryhttpclient.go:72.44,74.10 2 0
github.com/teknologi-umum/roselite/internal/sentryhttpclient/sentryhttpclient.go:78.3,78.18 1 0
github.com/teknologi-umum/roselite/internal/sentryhttpclient/sentryhttpclient.go:78.18,80.4 1 0
github.com/teknologi-umum/roselite/internal/sentryhttpclient/sentryhttpclient.go:84.2,85.23 2 0
github.com/teknologi-umum/roselite/internal/sentryhttpclient/sentryhttpclient.go:85.23,86.69 1 0
github.com/teknologi-umum/roselite/internal/sentryhttpclient/sentryhttpclient.go:86.69,89.4 2 0
github.com/teknologi-umum/roselite/internal/sentryhttpclient/sentryhttpclient.go:91.3,91.51 1 0
github.com/teknologi-umum/roselite/internal/sentryhttpclient/sentryhttpclient.go:94.2,110.16 12 0
github.com/teknologi-umum/roselite/internal/sentryhttpclient/sentryhttpclient.go:110.16,112.3 1 0
github.com/teknologi-umum/roselite/internal/sentryhttpclient/sentryhttpclient.go:114.2,114.21 1 0
github.com/teknologi-umum/roselite/internal/sentryhttpclient/sentryhttpclient.go:114.21,118.3 3 0
github.com/teknologi-umum/roselite/internal/sentryhttpclient/sentryhttpclient.go:120.2,120.22 1 0
github.com/teknologi-umum/roselite/agent.go:36.44,61.43 6 0
github.com/teknologi-umum/roselite/agent.go:61.43,62.58 1 0
github.com/teknologi-umum/roselite/agent.go:62.58,64.4 1 0
github.com/teknologi-umum/roselite/agent.go:66.2,67.18 2 0
github.com/teknologi-umum/roselite/agent.go:67.18,69.3 1 0
github.com/teknologi-umum/roselite/agent.go:71.2,81.43 3 0
github.com/teknologi-umum/roselite/agent.go:81.43,83.28 2 0
github.com/teknologi-umum/roselite/agent.go:83.28,85.11 2 0
github.com/teknologi-umum/roselite/agent.go:86.32,87.11 1 0
github.com/teknologi-umum/roselite/agent.go:88.40,96.32 7 0
github.com/teknologi-umum/roselite/agent.go:97.26,100.11 3 0
github.com/teknologi-umum/roselite/agent.go:101.26,104.11 3 0
github.com/teknologi-umum/roselite/agent.go:105.13,107.11 2 0
github.com/teknologi-umum/roselite/agent.go:110.5,110.19 1 0
github.com/teknologi-umum/roselite/agent.go:110.19,114.6 3 0
github.com/teknologi-umum/roselite/agent.go:116.5,117.19 2 0
github.com/teknologi-umum/roselite/agent.go:117.19,119.6 1 0
github.com/teknologi-umum/roselite/agent.go:120.5,121.13 2 0
github.com/teknologi-umum/roselite/agent.go:126.2,126.10 1 0
github.com/teknologi-umum/roselite/agent.go:129.31,132.2 2 0
github.com/teknologi-umum/roselite/agent.go:134.31,138.2 2 0
github.com/teknologi-umum/roselite/call_upstream_kuma.go:13.177,20.16 6 0
github.com/teknologi-umum/roselite/call_upstream_kuma.go:20.16,22.3 1 0
github.com/teknologi-umum/roselite/call_upstream_kuma.go:23.2,26.16 3 0
github.com/teknologi-umum/roselite/call_upstream_kuma.go:26.16,28.3 1 0
github.com/teknologi-umum/roselite/call_upstream_kuma.go:31.2,33.49 2 0
github.com/teknologi-umum/roselite/call_upstream_kuma.go:33.49,35.3 1 0
github.com/teknologi-umum/roselite/call_upstream_kuma.go:37.2,38.16 2 0
github.com/teknologi-umum/roselite/call_upstream_kuma.go:38.16,40.3 1 0
github.com/teknologi-umum/roselite/call_upstream_kuma.go:41.2,41.15 1 0
github.com/teknologi-umum/roselite/call_upstream_kuma.go:41.15,42.27 1 0
github.com/teknologi-umum/roselite/call_upstream_kuma.go:42.27,44.4 1 0
github.com/teknologi-umum/roselite/call_upstream_kuma.go:47.2,47.42 1 0
github.com/teknologi-umum/roselite/call_upstream_kuma.go:47.42,49.3 1 0
github.com/teknologi-umum/roselite/call_upstream_kuma.go:51.2,51.12 1 0
github.com/teknologi-umum/roselite/caller_http.go:20.84,26.16 5 0
github.com/teknologi-umum/roselite/caller_http.go:26.16,28.3 1 0
github.com/teknologi-umum/roselite/caller_http.go:31.2,33.49 2 0
github.com/teknologi-umum/roselite/caller_http.go:33.49,35.3 1 0
github.com/teknologi-umum/roselite/caller_http.go:37.2,38.30 2 0
github.com/teknologi-umum/roselite/caller_http.go:38.30,52.3 1 0
github.com/teknologi-umum/roselite/caller_http.go:54.2,55.34 2 0
github.com/teknologi-umum/roselite/caller_http.go:55.34,57.3 1 0
github.com/teknologi-umum/roselite/caller_http.go:59.2,59.21 1 0
github.com/teknologi-umum/roselite/caller_http.go:59.21,61.3 1 0
github.com/teknologi-umum/roselite/caller_http.go:63.2,65.16 3 0
github.com/teknologi-umum/roselite/caller_http.go:65.16,69.22 4 0
github.com/teknologi-umum/roselite/caller_http.go:69.22,71.27 2 0
github.com/teknologi-umum/roselite/caller_http.go:71.27,74.47 3 0
github.com/teknologi-umum/roselite/caller_http.go:74.47,76.21 2 0
github.com/teknologi-umum/roselite/caller_http.go:76.21,78.7 1 0
github.com/teknologi-umum/roselite/caller_http.go:82.3,90.9 1 0
github.com/teknologi-umum/roselite/caller_http.go:93.2,96.50 3 0
github.com/teknologi-umum/roselite/caller_http.go:96.50,98.3 1 0
github.com/teknologi-umum/roselite/caller_http.go:100.2,102.21 3 0
github.com/teknologi-umum/roselite/caller_http.go:102.21,104.26 2 0
github.com/teknologi-umum/roselite/caller_http.go:104.26,107.46 3 0
github.com/teknologi-umum/roselite/caller_http.go:107.46,109.20 2 0
github.com/teknologi-umum/roselite/caller_http.go:109.20,111.6 1 0
github.com/teknologi-umum/roselite/caller_http.go:116.2,124.8 1 0
github.com/teknologi-umum/roselite/caller_icmp.go:16.84,22.16 5 0
github.com/teknologi-umum/roselite/caller_icmp.go:22.16,24.3 1 0
github.com/teknologi-umum/roselite/caller_icmp.go:25.2,28.16 4 0
github.com/teknologi-umum/roselite/caller_icmp.go:28.16,33.3 1 0
github.com/teknologi-umum/roselite/caller_icmp.go:35.2,36.18 2 0
github.com/teknologi-umum/roselite/caller_icmp.go:36.18,42.3 1 0
github.com/teknologi-umum/roselite/caller_icmp.go:43.2,46.9 3 0
github.com/teknologi-umum/roselite/caller_icmp.go:46.9,48.3 1 0
github.com/teknologi-umum/roselite/caller_icmp.go:49.2,57.8 1 0
github.com/teknologi-umum/roselite/caller_noop.go:13.84,23.2 1 0
github.com/teknologi-umum/roselite/constants_heartbeat.go:21.53,41.2 10 0
github.com/teknologi-umum/roselite/constants_heartbeat.go:43.41,47.31 4 0
github.com/teknologi-umum/roselite/constants_heartbeat.go:47.31,49.3 1 0
github.com/teknologi-umum/roselite/constants_heartbeat.go:50.2,50.26 1 0
github.com/teknologi-umum/roselite/constants_heartbeat.go:50.26,52.3 1 0
github.com/teknologi-umum/roselite/constants_heartbeat.go:53.2,53.24 1 0
github.com/teknologi-umum/roselite/constants_heartbeat.go:53.24,55.3 1 0
github.com/teknologi-umum/roselite/constants_heartbeat.go:56.2,56.27 1 0
github.com/teknologi-umum/roselite/constants_heartbeat.go:56.27,58.3 1 0
github.com/teknologi-umum/roselite/constants_heartbeat.go:59.2,59.27 1 0
github.com/teknologi-umum/roselite/constants_heartbeat.go:59.27,61.3 1 0
github.com/teknologi-umum/roselite/constants_heartbeat.go:63.2,63.14 1 0
github.com/teknologi-umum/roselite/constants_heartbeat_status.go:13.42,14.11 1 0
github.com/teknologi-umum/roselite/constants_heartbeat_status.go:15.25,16.14 1 0
github.com/teknologi-umum/roselite/constants_heartbeat_status.go:17.27,18.16 1 0
github.com/teknologi-umum/roselite/constants_heartbeat_status.go:19.10,20.12 1 0
github.com/teknologi-umum/roselite/constants_heartbeat_status.go:24.58,25.28 1 0
github.com/teknologi-umum/roselite/constants_heartbeat_status.go:26.12,27.27 1 0
github.com/teknologi-umum/roselite/constants_heartbeat_status.go:28.14,29.29 1 0
github.com/teknologi-umum/roselite/constants_heartbeat_status.go:30.10,31.32 1 0
github.com/teknologi-umum/roselite/constants_heartbeat_status.go:35.56,37.2 1 0
github.com/teknologi-umum/roselite/constants_monitor_type.go:16.38,17.11 1 0
github.com/teknologi-umum/roselite/constants_monitor_type.go:18.23,19.16 1 0
github.com/teknologi-umum/roselite/constants_monitor_type.go:20.23,21.16 1 0
github.com/teknologi-umum/roselite/constants_monitor_type.go:22.10,23.19 1 0
github.com/teknologi-umum/roselite/constants_monitor_type.go:27.59,28.28 1 0
github.com/teknologi-umum/roselite/constants_monitor_type.go:29.14,30.30 1 0
github.com/teknologi-umum/roselite/constants_monitor_type.go:31.14,32.30 1 0
github.com/teknologi-umum/roselite/constants_monitor_type.go:33.10,34.64 1 0
github.com/teknologi-umum/roselite/server.go:35.47,59.75 5 0
github.com/teknologi-umum/roselite/server.go:59.75,63.3 3 0
github.com/teknologi-umum/roselite/server.go:65.2,65.80 1 0
github.com/teknologi-umum/roselite/server.go:65.80,66.40 1 0
github.com/teknologi-umum/roselite/server.go:66.40,71.4 4 0
github.com/teknologi-umum/roselite/server.go:73.3,74.15 2 0
github.com/teknologi-umum/roselite/server.go:74.15,79.4 4 0
github.com/teknologi-umum/roselite/server.go:81.3,88.17 2 0
github.com/teknologi-umum/roselite/server.go:88.17,95.4 5 0
github.com/teknologi-umum/roselite/server.go:97.3,99.63 3 0
github.com/teknologi-umum/roselite/server.go:101.2,116.10 2 0
github.com/teknologi-umum/roselite/server.go:119.41,121.2 1 0
github.com/teknologi-umum/roselite/server.go:123.44,128.2 4 0
github.com/teknologi-umum/roselite/server.go:130.54,132.2 1 0
